[20:24:00] DeepAR.Train: Loading the datasets...
[20:24:00] DeepAR.Data: train_len: 700
[20:24:00] DeepAR.Data: building datasets from data/infant...
[20:24:00] DeepAR.Data: test_len: 75
[20:24:00] DeepAR.Data: building datasets from data/infant...
[20:24:00] DeepAR.Train: Loading complete.
[20:24:00] DeepAR.Train: Model: 
Net(
  (embedding): Embedding(25, 20)
  (lstm): LSTM(23, 5, num_layers=3)
  (relu): ReLU()
  (distribution_mu): Linear(in_features=15, out_features=1, bias=True)
  (distribution_presigma): Linear(in_features=15, out_features=1, bias=True)
  (distribution_sigma): Softplus(beta=1, threshold=20)
)
[20:24:00] DeepAR.Train: Starting training for 10 epoch(s)
[20:24:00] DeepAR.Train: begin training and evaluation
[20:24:00] DeepAR.Train: Epoch 1/10
[20:24:01] DeepAR.Train: train_loss: 1.9207441806793213
[20:24:01] DeepAR.Train: train_loss: 1.9207441806793213
[20:24:08] DeepAR.Eval: - Full test metrics: ND: 0.775; RMSE: 1.563; test_loss: 5.300
[20:24:08] DeepAR.Utils: Checkpoint saved to experiments/param_search/lam_0.20-lstm_dropout_0.00-lstm_hidden_dim_5.00/epoch_0.pth.tar
[20:24:08] DeepAR.Utils: Best checkpoint copied to best.pth.tar
[20:24:08] DeepAR.Train: - Found new best ND
[20:24:08] DeepAR.Train: Current Best ND is: 0.77515
[20:24:08] DeepAR.Train: Epoch 2/10
[20:24:08] DeepAR.Train: train_loss: 1.327315092086792
[20:24:08] DeepAR.Train: train_loss: 1.327315092086792
[20:24:15] DeepAR.Eval: - Full test metrics: ND: 0.578; RMSE: 1.208; test_loss: 5.040
[20:24:15] DeepAR.Utils: Checkpoint saved to experiments/param_search/lam_0.20-lstm_dropout_0.00-lstm_hidden_dim_5.00/epoch_1.pth.tar
[20:24:15] DeepAR.Utils: Best checkpoint copied to best.pth.tar
[20:24:15] DeepAR.Train: - Found new best ND
[20:24:15] DeepAR.Train: Current Best ND is: 0.57776
[20:24:15] DeepAR.Train: Epoch 3/10
[20:24:16] DeepAR.Train: train_loss: 1.0471242666244507
[20:24:16] DeepAR.Train: train_loss: 1.0471242666244507
[20:24:22] DeepAR.Eval: - Full test metrics: ND: 0.338; RMSE: 0.710; test_loss: 4.817
[20:24:22] DeepAR.Utils: Checkpoint saved to experiments/param_search/lam_0.20-lstm_dropout_0.00-lstm_hidden_dim_5.00/epoch_2.pth.tar
[20:24:22] DeepAR.Utils: Best checkpoint copied to best.pth.tar
[20:24:22] DeepAR.Train: - Found new best ND
[20:24:22] DeepAR.Train: Current Best ND is: 0.33804
[20:24:22] DeepAR.Train: Epoch 4/10
[20:24:23] DeepAR.Train: train_loss: 0.8108780384063721
[20:24:23] DeepAR.Train: train_loss: 0.8108780384063721
[20:24:30] DeepAR.Eval: - Full test metrics: ND: 0.134; RMSE: 0.254; test_loss: 4.559
[20:24:30] DeepAR.Utils: Checkpoint saved to experiments/param_search/lam_0.20-lstm_dropout_0.00-lstm_hidden_dim_5.00/epoch_3.pth.tar
[20:24:30] DeepAR.Utils: Best checkpoint copied to best.pth.tar
[20:24:30] DeepAR.Train: - Found new best ND
[20:24:30] DeepAR.Train: Current Best ND is: 0.13446
[20:24:30] DeepAR.Train: Epoch 5/10
[20:24:30] DeepAR.Train: train_loss: 0.5554995536804199
[20:24:30] DeepAR.Train: train_loss: 0.5554995536804199
[20:24:37] DeepAR.Eval: - Full test metrics: ND: 0.163; RMSE: 0.376; test_loss: 4.298
[20:24:37] DeepAR.Utils: Checkpoint saved to experiments/param_search/lam_0.20-lstm_dropout_0.00-lstm_hidden_dim_5.00/epoch_4.pth.tar
[20:24:37] DeepAR.Train: Current Best ND is: 0.13446
[20:24:37] DeepAR.Train: Epoch 6/10
[20:24:38] DeepAR.Train: train_loss: 0.3382750153541565
[20:24:38] DeepAR.Train: train_loss: 0.3382750153541565
[20:24:44] DeepAR.Eval: - Full test metrics: ND: 0.142; RMSE: 0.340; test_loss: 4.112
[20:24:44] DeepAR.Utils: Checkpoint saved to experiments/param_search/lam_0.20-lstm_dropout_0.00-lstm_hidden_dim_5.00/epoch_5.pth.tar
[20:24:44] DeepAR.Train: Current Best ND is: 0.13446
[20:24:45] DeepAR.Train: Epoch 7/10
[20:24:45] DeepAR.Train: train_loss: 0.17207951843738556
[20:24:45] DeepAR.Train: train_loss: 0.17207951843738556
[20:24:52] DeepAR.Eval: - Full test metrics: ND: 0.121; RMSE: 0.286; test_loss: 3.968
[20:24:52] DeepAR.Utils: Checkpoint saved to experiments/param_search/lam_0.20-lstm_dropout_0.00-lstm_hidden_dim_5.00/epoch_6.pth.tar
[20:24:52] DeepAR.Utils: Best checkpoint copied to best.pth.tar
[20:24:52] DeepAR.Train: - Found new best ND
[20:24:52] DeepAR.Train: Current Best ND is: 0.12145
[20:24:53] DeepAR.Train: Epoch 8/10
[20:24:53] DeepAR.Train: train_loss: 0.056128792464733124
[20:24:53] DeepAR.Train: train_loss: 0.056128792464733124
[20:25:00] DeepAR.Eval: - Full test metrics: ND: 0.107; RMSE: 0.245; test_loss: 3.869
[20:25:00] DeepAR.Utils: Checkpoint saved to experiments/param_search/lam_0.20-lstm_dropout_0.00-lstm_hidden_dim_5.00/epoch_7.pth.tar
[20:25:00] DeepAR.Utils: Best checkpoint copied to best.pth.tar
[20:25:00] DeepAR.Train: - Found new best ND
[20:25:00] DeepAR.Train: Current Best ND is: 0.10698
[20:25:00] DeepAR.Train: Epoch 9/10
[20:25:00] DeepAR.Train: train_loss: -0.023803438991308212
[20:25:00] DeepAR.Train: train_loss: -0.023803438991308212
[20:25:07] DeepAR.Eval: - Full test metrics: ND: 0.098; RMSE: 0.213; test_loss: 3.800
[20:25:07] DeepAR.Utils: Checkpoint saved to experiments/param_search/lam_0.20-lstm_dropout_0.00-lstm_hidden_dim_5.00/epoch_8.pth.tar
[20:25:07] DeepAR.Utils: Best checkpoint copied to best.pth.tar
[20:25:07] DeepAR.Train: - Found new best ND
[20:25:07] DeepAR.Train: Current Best ND is: 0.09763
[20:25:07] DeepAR.Train: Epoch 10/10
[20:25:08] DeepAR.Train: train_loss: -0.086442731320858
[20:25:08] DeepAR.Train: train_loss: -0.086442731320858
[20:25:15] DeepAR.Eval: - Full test metrics: ND: 0.089; RMSE: 0.178; test_loss: 3.752
[20:25:15] DeepAR.Utils: Checkpoint saved to experiments/param_search/lam_0.20-lstm_dropout_0.00-lstm_hidden_dim_5.00/epoch_9.pth.tar
[20:25:15] DeepAR.Utils: Best checkpoint copied to best.pth.tar
[20:25:15] DeepAR.Train: - Found new best ND
[20:25:15] DeepAR.Train: Current Best ND is: 0.08888
